2024/07/16 00:20:25 [notice] 1#1: using the "epoll" event method
2024/07/16 00:20:25 [notice] 1#1: nginx/1.27.0
2024/07/16 00:20:25 [notice] 1#1: built by gcc 12.2.0 (Debian 12.2.0-14) 
2024/07/16 00:20:25 [notice] 1#1: OS: Linux 5.15.153.1-microsoft-standard-WSL2
2024/07/16 00:20:25 [notice] 1#1: getrlimit(RLIMIT_NOFILE): 1048576:1048576
2024/07/16 00:20:25 [notice] 1#1: start worker processes
2024/07/16 00:20:25 [notice] 1#1: start worker process 28
2024/07/16 00:20:25 [notice] 1#1: start worker process 29
2024/07/16 00:20:42 [notice] 1#1: signal 3 (SIGQUIT) received, shutting down
2024/07/16 00:20:42 [notice] 29#29: gracefully shutting down
2024/07/16 00:20:42 [notice] 28#28: gracefully shutting down
2024/07/16 00:20:42 [notice] 29#29: exiting
2024/07/16 00:20:42 [notice] 28#28: exiting
2024/07/16 00:20:42 [notice] 29#29: exit
2024/07/16 00:20:42 [notice] 28#28: exit
2024/07/16 00:20:42 [notice] 1#1: signal 17 (SIGCHLD) received from 29
2024/07/16 00:20:42 [notice] 1#1: worker process 29 exited with code 0
2024/07/16 00:20:42 [notice] 1#1: signal 29 (SIGIO) received
2024/07/16 00:20:43 [notice] 1#1: signal 17 (SIGCHLD) received from 28
2024/07/16 00:20:43 [notice] 1#1: worker process 28 exited with code 0
2024/07/16 00:20:43 [notice] 1#1: exit
2024/07/16 00:22:09 [notice] 1#1: using the "epoll" event method
2024/07/16 00:22:09 [notice] 1#1: nginx/1.27.0
2024/07/16 00:22:09 [notice] 1#1: built by gcc 12.2.0 (Debian 12.2.0-14) 
2024/07/16 00:22:09 [notice] 1#1: OS: Linux 5.15.153.1-microsoft-standard-WSL2
2024/07/16 00:22:09 [notice] 1#1: getrlimit(RLIMIT_NOFILE): 1048576:1048576
2024/07/16 00:22:09 [notice] 1#1: start worker processes
2024/07/16 00:22:09 [notice] 1#1: start worker process 28
2024/07/16 00:22:09 [notice] 1#1: start worker process 29
2024/07/16 22:22:29 [notice] 1#1: using the "epoll" event method
2024/07/16 22:22:29 [notice] 1#1: nginx/1.27.0
2024/07/16 22:22:29 [notice] 1#1: built by gcc 12.2.0 (Debian 12.2.0-14) 
2024/07/16 22:22:29 [notice] 1#1: OS: Linux 5.15.153.1-microsoft-standard-WSL2
2024/07/16 22:22:29 [notice] 1#1: getrlimit(RLIMIT_NOFILE): 1048576:1048576
2024/07/16 22:22:29 [notice] 1#1: start worker processes
2024/07/16 22:22:29 [notice] 1#1: start worker process 28
2024/07/16 22:22:29 [notice] 1#1: start worker process 29
2024/07/16 22:36:41 [notice] 1#1: signal 3 (SIGQUIT) received, shutting down
2024/07/16 22:36:41 [notice] 28#28: gracefully shutting down
2024/07/16 22:36:41 [notice] 29#29: gracefully shutting down
2024/07/16 22:36:41 [notice] 28#28: exiting
2024/07/16 22:36:41 [notice] 29#29: exiting
2024/07/16 22:36:41 [notice] 28#28: exit
2024/07/16 22:36:41 [notice] 29#29: exit
2024/07/16 22:36:41 [notice] 1#1: signal 17 (SIGCHLD) received from 29
2024/07/16 22:36:41 [notice] 1#1: worker process 29 exited with code 0
2024/07/16 22:36:41 [notice] 1#1: signal 29 (SIGIO) received
2024/07/16 22:36:41 [notice] 1#1: signal 17 (SIGCHLD) received from 28
2024/07/16 22:36:41 [notice] 1#1: worker process 28 exited with code 0
2024/07/16 22:36:41 [notice] 1#1: exit
2024/07/16 22:41:42 [notice] 1#1: using the "epoll" event method
2024/07/16 22:41:42 [notice] 1#1: nginx/1.27.0
2024/07/16 22:41:42 [notice] 1#1: built by gcc 12.2.0 (Debian 12.2.0-14) 
2024/07/16 22:41:42 [notice] 1#1: OS: Linux 5.15.153.1-microsoft-standard-WSL2
2024/07/16 22:41:42 [notice] 1#1: getrlimit(RLIMIT_NOFILE): 1048576:1048576
2024/07/16 22:41:42 [notice] 1#1: start worker processes
2024/07/16 22:41:42 [notice] 1#1: start worker process 28
2024/07/16 22:41:42 [notice] 1#1: start worker process 29
2024/07/16 22:46:46 [notice] 1#1: signal 3 (SIGQUIT) received, shutting down
2024/07/16 22:46:46 [notice] 28#28: gracefully shutting down
2024/07/16 22:46:46 [notice] 29#29: gracefully shutting down
2024/07/16 22:46:46 [notice] 28#28: exiting
2024/07/16 22:46:46 [notice] 29#29: exiting
2024/07/16 22:46:46 [notice] 28#28: exit
2024/07/16 22:46:46 [notice] 29#29: exit
2024/07/16 22:46:46 [notice] 1#1: signal 17 (SIGCHLD) received from 28
2024/07/16 22:46:46 [notice] 1#1: worker process 28 exited with code 0
2024/07/16 22:46:46 [notice] 1#1: signal 29 (SIGIO) received
2024/07/16 22:46:46 [notice] 1#1: signal 17 (SIGCHLD) received from 29
2024/07/16 22:46:46 [notice] 1#1: worker process 29 exited with code 0
2024/07/16 22:46:46 [notice] 1#1: exit
2024/07/16 22:47:22 [notice] 1#1: using the "epoll" event method
2024/07/16 22:47:22 [notice] 1#1: nginx/1.27.0
2024/07/16 22:47:22 [notice] 1#1: built by gcc 12.2.0 (Debian 12.2.0-14) 
2024/07/16 22:47:22 [notice] 1#1: OS: Linux 5.15.153.1-microsoft-standard-WSL2
2024/07/16 22:47:22 [notice] 1#1: getrlimit(RLIMIT_NOFILE): 1048576:1048576
2024/07/16 22:47:22 [notice] 1#1: start worker processes
2024/07/16 22:47:22 [notice] 1#1: start worker process 28
2024/07/16 22:47:22 [notice] 1#1: start worker process 29
2024/07/16 22:47:44 [notice] 1#1: signal 3 (SIGQUIT) received, shutting down
2024/07/16 22:47:44 [notice] 28#28: gracefully shutting down
2024/07/16 22:47:44 [notice] 28#28: exiting
2024/07/16 22:47:44 [notice] 28#28: exit
2024/07/16 22:47:44 [notice] 29#29: gracefully shutting down
2024/07/16 22:47:44 [notice] 29#29: exiting
2024/07/16 22:47:44 [notice] 29#29: exit
2024/07/16 22:47:44 [notice] 1#1: signal 17 (SIGCHLD) received from 28
2024/07/16 22:47:44 [notice] 1#1: worker process 28 exited with code 0
2024/07/16 22:47:44 [notice] 1#1: worker process 29 exited with code 0
2024/07/16 22:47:44 [notice] 1#1: exit
2024/07/16 23:07:28 [notice] 1#1: using the "epoll" event method
2024/07/16 23:07:28 [notice] 1#1: nginx/1.27.0
2024/07/16 23:07:28 [notice] 1#1: built by gcc 12.2.0 (Debian 12.2.0-14) 
2024/07/16 23:07:28 [notice] 1#1: OS: Linux 5.15.153.1-microsoft-standard-WSL2
2024/07/16 23:07:28 [notice] 1#1: getrlimit(RLIMIT_NOFILE): 1048576:1048576
2024/07/16 23:07:28 [notice] 1#1: start worker processes
2024/07/16 23:07:28 [notice] 1#1: start worker process 28
2024/07/16 23:07:28 [notice] 1#1: start worker process 29
2024/07/16 23:10:45 [notice] 1#1: signal 3 (SIGQUIT) received, shutting down
2024/07/16 23:10:45 [notice] 28#28: gracefully shutting down
2024/07/16 23:10:45 [notice] 28#28: exiting
2024/07/16 23:10:45 [notice] 28#28: exit
2024/07/16 23:10:45 [notice] 29#29: gracefully shutting down
2024/07/16 23:10:45 [notice] 29#29: exiting
2024/07/16 23:10:45 [notice] 29#29: exit
2024/07/16 23:10:45 [notice] 1#1: signal 17 (SIGCHLD) received from 29
2024/07/16 23:10:45 [notice] 1#1: worker process 29 exited with code 0
2024/07/16 23:10:45 [notice] 1#1: signal 29 (SIGIO) received
2024/07/16 23:10:45 [notice] 1#1: signal 17 (SIGCHLD) received from 28
2024/07/16 23:10:45 [notice] 1#1: worker process 28 exited with code 0
2024/07/16 23:10:45 [notice] 1#1: exit
2024/07/16 23:13:37 [notice] 1#1: using the "epoll" event method
2024/07/16 23:13:37 [notice] 1#1: nginx/1.27.0
2024/07/16 23:13:37 [notice] 1#1: built by gcc 12.2.0 (Debian 12.2.0-14) 
2024/07/16 23:13:37 [notice] 1#1: OS: Linux 5.15.153.1-microsoft-standard-WSL2
2024/07/16 23:13:37 [notice] 1#1: getrlimit(RLIMIT_NOFILE): 1048576:1048576
2024/07/16 23:13:37 [notice] 1#1: start worker processes
2024/07/16 23:13:37 [notice] 1#1: start worker process 28
2024/07/16 23:13:37 [notice] 1#1: start worker process 29
